<html>
<head>
<title>TestNG:  Test</title>
<link href="../testng.css" rel="stylesheet" type="text/css" />
<link href="../my-testng.css" rel="stylesheet" type="text/css" />

<style type="text/css">
.log { display: none;} 
.stack-trace { display: none;} 
</style>
<script type="text/javascript">
<!--
function flip(e) {
  current = e.style.display;
  if (current == 'block') {
    e.style.display = 'none';
    return 0;
  }
  else {
    e.style.display = 'block';
    return 1;
  }
}

function toggleBox(szDivId, elem, msg1, msg2)
{
  var res = -1;  if (document.getElementById) {
    res = flip(document.getElementById(szDivId));
  }
  else if (document.all) {
    // this is the way old msie versions work
    res = flip(document.all[szDivId]);
  }
  if(elem) {
    if(res == 0) elem.innerHTML = msg1; else elem.innerHTML = msg2;
  }

}

function toggleAllBoxes() {
  if (document.getElementsByTagName) {
    d = document.getElementsByTagName('div');
    for (i = 0; i < d.length; i++) {
      if (d[i].className == 'log') {
        flip(d[i]);
      }
    }
  }
}

// -->
</script>

</head>
<body>
<h2 align='center'>Test</h2><table border='1' align="center">
<tr>
<td>Tests passed/Failed/Skipped:</td><td>3/1/2</td>
</tr><tr>
<td>Started on:</td><td>Mon May 27 10:19:12 PKT 2019</td>
</tr>
<tr><td>Total time:</td><td>33 seconds (33455 ms)</td>
</tr><tr>
<td>Included groups:</td><td></td>
</tr><tr>
<td>Excluded groups:</td><td></td>
</tr>
</table><p/>
<small><i>(Hover the method name to see the test class name)</i></small><p/>
<table width='100%' border='1' class='invocation-failed'>
<tr><td colspan='4' align='center'><b>FAILED TESTS</b></td></tr>
<tr><td><b>Test method</b></td>
<td width="30%"><b>Exception</b></td>
<td width="10%"><b>Time (seconds)</b></td>
<td><b>Instance</b></td>
</tr>
<tr>
<td title='com.swipbox.testcases.ServicePointFilters.servicePointsFiltersByType()'><b>servicePointsFiltersByType</b><br>Test class: com.swipbox.testcases.ServicePointFilters<br>Parameters: SP11165, IslamAbadTesting, PL, Al Rehman Plaza , G-11<br/>
<a href="#Output-2022285740" onClick='toggleBox("Output-2022285740", this, "Show output", "Hide output");'>Show output</a>

<a href="#Output-2022285740" onClick="toggleAllBoxes();">Show all outputs</a>
<div class='log' id="Output-2022285740">
Click to see the screenshot<br/>
<a target="_blank" href=Mon_May_27_10_19_45_PKT_2019.jpg>Screenshot</a><br/>
<br><br/>
<a target="_blank" href="+TestUtil.screenshotName+ "><img src=Mon_May_27_10_19_45_PKT_2019.jpg height=500 width=500></img></a><br/>
</div>
</td>
<td><div><pre>org.openqa.selenium.NoSuchElementException: no such element: Unable to locate element: {&quot;method&quot;:&quot;xpath&quot;,&quot;selector&quot;:&quot;//div[1]/form/div/div/input[contains(text(),&apos;Al Rehman Plaza , G-11&apos;)]&quot;}
  (Session info: chrome=74.0.3729.169)
  (Driver info: chromedriver=74.0.3729.6 (255758eccf3d244491b8a1317aa76e1ce10d57e9-refs/branch-heads/3729@{#29}),platform=Windows NT 6.3.9600 x86_64) (WARNING: The server did not provide any stacktrace information)
Command duration or timeout: 15.04 seconds
For documentation on this error, please visit: http://seleniumhq.org/exceptions/no_such_element.html
Build info: version: &apos;2.53.1&apos;, revision: &apos;a36b8b1cd5757287168e54b817830adce9b0158d&apos;, time: &apos;2016-06-30 19:26:09&apos;
System info: host: &apos;USER&apos;, ip: &apos;192.168.100.4&apos;, os.name: &apos;Windows 8.1&apos;, os.arch: &apos;amd64&apos;, os.version: &apos;6.3&apos;, java.version: &apos;1.8.0_181&apos;
Driver info: org.openqa.selenium.chrome.ChromeDriver
Capabilities [{mobileEmulationEnabled=false, timeouts={implicit=0, pageLoad=300000, script=30000}, hasTouchScreen=false, platform=WIN8_1, acceptSslCerts=false, goog:chromeOptions={debuggerAddress=localhost:51149}, acceptInsecureCerts=false, webStorageEnabled=true, browserName=chrome, takesScreenshot=true, javascriptEnabled=true, setWindowRect=true, unexpectedAlertBehaviour=ignore, applicationCacheEnabled=false, rotatable=false, networkConnectionEnabled=false, chrome={chromedriverVersion=74.0.3729.6 (255758eccf3d244491b8a1317aa76e1ce10d57e9-refs/branch-heads/3729@{#29}), userDataDir=C:\Users\admin\AppData\Local\Temp\scoped_dir4828_15501}, takesHeapSnapshot=true, pageLoadStrategy=normal, strictFileInteractability=false, databaseEnabled=false, handlesAlerts=true, version=74.0.3729.169, browserConnectionEnabled=false, proxy={}, nativeEvents=true, locationContextEnabled=true, cssSelectorsEnabled=true}]
Session ID: d374755c866af4f375eaaa328838eaf1
*** Element info: {Using=xpath, value=//div[1]/form/div/div/input[contains(text(),&apos;Al Rehman Plaza , G-11&apos;)]}
	at org.openqa.selenium.remote.ErrorHandler.createThrowable(ErrorHandler.java:206)
	at org.openqa.selenium.remote.ErrorHandler.throwIfResponseFailed(ErrorHandler.java:158)
	at org.openqa.selenium.remote.RemoteWebDriver.execute(RemoteWebDriver.java:678)
	at org.openqa.selenium.remote.RemoteWebDriver.findElement(RemoteWebDriver.java:363)
	at org.openqa.selenium.remote.RemoteWebDriver.findElementByXPath(RemoteWebDriver.java:500)
	at org.openqa.selenium.By$ByXPath.findElement(By.java:361)
	at org.openqa.selenium.remote.RemoteWebDriver.findElement(RemoteWebDriver.java:355)
	at com.swipBox.base.Page.verifyEquals(Page.java:270)
	at com.swipBox.servicePoints.ServicePointsPage.filterServicePoint(ServicePointsPage.java:168)
	at com.swipbox.testcases.ServicePointFilters.servicePointsFiltersByType(ServicePointFilters.java:30)
... Removed 29 stack frames</pre></div><a href='#' onClick='toggleBox("stack-trace2022285740", this, "Click to show all stack frames", "Click to hide stack frames")'>Click to show all stack frames</a>
<div class='stack-trace' id='stack-trace2022285740'><pre>org.openqa.selenium.NoSuchElementException: no such element: Unable to locate element: {&quot;method&quot;:&quot;xpath&quot;,&quot;selector&quot;:&quot;//div[1]/form/div/div/input[contains(text(),&apos;Al Rehman Plaza , G-11&apos;)]&quot;}
  (Session info: chrome=74.0.3729.169)
  (Driver info: chromedriver=74.0.3729.6 (255758eccf3d244491b8a1317aa76e1ce10d57e9-refs/branch-heads/3729@{#29}),platform=Windows NT 6.3.9600 x86_64) (WARNING: The server did not provide any stacktrace information)
Command duration or timeout: 15.04 seconds
For documentation on this error, please visit: http://seleniumhq.org/exceptions/no_such_element.html
Build info: version: &apos;2.53.1&apos;, revision: &apos;a36b8b1cd5757287168e54b817830adce9b0158d&apos;, time: &apos;2016-06-30 19:26:09&apos;
System info: host: &apos;USER&apos;, ip: &apos;192.168.100.4&apos;, os.name: &apos;Windows 8.1&apos;, os.arch: &apos;amd64&apos;, os.version: &apos;6.3&apos;, java.version: &apos;1.8.0_181&apos;
Driver info: org.openqa.selenium.chrome.ChromeDriver
Capabilities [{mobileEmulationEnabled=false, timeouts={implicit=0, pageLoad=300000, script=30000}, hasTouchScreen=false, platform=WIN8_1, acceptSslCerts=false, goog:chromeOptions={debuggerAddress=localhost:51149}, acceptInsecureCerts=false, webStorageEnabled=true, browserName=chrome, takesScreenshot=true, javascriptEnabled=true, setWindowRect=true, unexpectedAlertBehaviour=ignore, applicationCacheEnabled=false, rotatable=false, networkConnectionEnabled=false, chrome={chromedriverVersion=74.0.3729.6 (255758eccf3d244491b8a1317aa76e1ce10d57e9-refs/branch-heads/3729@{#29}), userDataDir=C:\Users\admin\AppData\Local\Temp\scoped_dir4828_15501}, takesHeapSnapshot=true, pageLoadStrategy=normal, strictFileInteractability=false, databaseEnabled=false, handlesAlerts=true, version=74.0.3729.169, browserConnectionEnabled=false, proxy={}, nativeEvents=true, locationContextEnabled=true, cssSelectorsEnabled=true}]
Session ID: d374755c866af4f375eaaa328838eaf1
*** Element info: {Using=xpath, value=//div[1]/form/div/div/input[contains(text(),&apos;Al Rehman Plaza , G-11&apos;)]}
	at sun.reflect.NativeConstructorAccessorImpl.newInstance0(Native Method)
	at sun.reflect.NativeConstructorAccessorImpl.newInstance(NativeConstructorAccessorImpl.java:62)
	at sun.reflect.DelegatingConstructorAccessorImpl.newInstance(DelegatingConstructorAccessorImpl.java:45)
	at java.lang.reflect.Constructor.newInstance(Constructor.java:423)
	at org.openqa.selenium.remote.ErrorHandler.createThrowable(ErrorHandler.java:206)
	at org.openqa.selenium.remote.ErrorHandler.throwIfResponseFailed(ErrorHandler.java:158)
	at org.openqa.selenium.remote.RemoteWebDriver.execute(RemoteWebDriver.java:678)
	at org.openqa.selenium.remote.RemoteWebDriver.findElement(RemoteWebDriver.java:363)
	at org.openqa.selenium.remote.RemoteWebDriver.findElementByXPath(RemoteWebDriver.java:500)
	at org.openqa.selenium.By$ByXPath.findElement(By.java:361)
	at org.openqa.selenium.remote.RemoteWebDriver.findElement(RemoteWebDriver.java:355)
	at com.swipBox.base.Page.verifyEquals(Page.java:270)
	at com.swipBox.servicePoints.ServicePointsPage.filterServicePoint(ServicePointsPage.java:168)
	at com.swipbox.testcases.ServicePointFilters.servicePointsFiltersByType(ServicePointFilters.java:30)
	at sun.reflect.NativeMethodAccessorImpl.invoke0(Native Method)
	at sun.reflect.NativeMethodAccessorImpl.invoke(NativeMethodAccessorImpl.java:62)
	at sun.reflect.DelegatingMethodAccessorImpl.invoke(DelegatingMethodAccessorImpl.java:43)
	at java.lang.reflect.Method.invoke(Method.java:498)
	at org.testng.internal.MethodInvocationHelper.invokeMethod(MethodInvocationHelper.java:124)
	at org.testng.internal.Invoker.invokeMethod(Invoker.java:583)
	at org.testng.internal.Invoker.invokeTestMethod(Invoker.java:719)
	at org.testng.internal.Invoker.invokeTestMethods(Invoker.java:989)
	at org.testng.internal.TestMethodWorker.invokeTestMethods(TestMethodWorker.java:125)
	at org.testng.internal.TestMethodWorker.run(TestMethodWorker.java:109)
	at org.testng.TestRunner.privateRun(TestRunner.java:648)
	at org.testng.TestRunner.run(TestRunner.java:505)
	at org.testng.SuiteRunner.runTest(SuiteRunner.java:455)
	at org.testng.SuiteRunner.runSequentially(SuiteRunner.java:450)
	at org.testng.SuiteRunner.privateRun(SuiteRunner.java:415)
	at org.testng.SuiteRunner.run(SuiteRunner.java:364)
	at org.testng.SuiteRunnerWorker.runSuite(SuiteRunnerWorker.java:52)
	at org.testng.SuiteRunnerWorker.run(SuiteRunnerWorker.java:84)
	at org.testng.TestNG.runSuitesSequentially(TestNG.java:1208)
	at org.testng.TestNG.runSuitesLocally(TestNG.java:1137)
	at org.testng.TestNG.runSuites(TestNG.java:1049)
	at org.testng.TestNG.run(TestNG.java:1017)
	at org.testng.remote.AbstractRemoteTestNG.run(AbstractRemoteTestNG.java:115)
	at org.testng.remote.RemoteTestNG.initAndRun(RemoteTestNG.java:251)
	at org.testng.remote.RemoteTestNG.main(RemoteTestNG.java:77)
</pre></div></td>
<td>15</td>
<td>com.swipbox.testcases.ServicePointFilters@5c00384f</td></tr>
</table><p>
<table width='100%' border='1' class='invocation-passed'>
<tr><td colspan='4' align='center'><b>PASSED TESTS</b></td></tr>
<tr><td><b>Test method</b></td>
<td width="30%"><b>Exception</b></td>
<td width="10%"><b>Time (seconds)</b></td>
<td><b>Instance</b></td>
</tr>
<tr>
<td title='com.swipbox.testcases.EmailLogin.emailLogin()'><b>emailLogin</b><br>Test class: com.swipbox.testcases.EmailLogin<br>Parameters: {password=12345678s, username=yasir.nazir@swipbox.com}<br/>
<a href="#Output-1917082298" onClick='toggleBox("Output-1917082298", this, "Show output", "Hide output");'>Show output</a>

<a href="#Output-1917082298" onClick="toggleAllBoxes();">Show all outputs</a>
<div class='log' id="Output-1917082298">
<br>Verification Success and you got text on page : Dashboard<br><br/>
<br><br/>
<a target="_blank" href="+TestUtil.screenshotName+ "><img src=Mon_May_27_10_19_17_PKT_2019.jpg height=500 width=500></img></a><br/>
<br><br/>
<a target="_blank" href=Mon_May_27_10_19_21_PKT_2019.jpg>Screenshot</a><br/>
<br><br/>
<a target="_blank" href="+TestUtil.screenshotName+ "><img src=Mon_May_27_10_19_21_PKT_2019.jpg height=500 width=500></img></a><br/>
</div>
</td>
<td></td>
<td>8</td>
<td>com.swipbox.testcases.EmailLogin@36f48b4</td></tr>
<tr>
<td title='com.swipbox.testcases.ServicePointFilters.servicePoints()'><b>servicePoints</b><br>Test class: com.swipbox.testcases.ServicePointFilters<br/>
<a href="#Output-1181545730" onClick='toggleBox("Output-1181545730", this, "Show output", "Hide output");'>Show output</a>

<a href="#Output-1181545730" onClick="toggleAllBoxes();">Show all outputs</a>
<div class='log' id="Output-1181545730">
<br>Verification Success and you got text on page : Service points<br><br/>
<br><br/>
<a target="_blank" href="+TestUtil.screenshotName+ "><img src=Mon_May_27_10_19_23_PKT_2019.jpg height=500 width=500></img></a><br/>
<br><br/>
<a target="_blank" href=Mon_May_27_10_19_23_PKT_2019.jpg>Screenshot</a><br/>
<br><br/>
<a target="_blank" href="+TestUtil.screenshotName+ "><img src=Mon_May_27_10_19_23_PKT_2019.jpg height=500 width=500></img></a><br/>
</div>
</td>
<td></td>
<td>2</td>
<td>com.swipbox.testcases.ServicePointFilters@5c00384f</td></tr>
<tr>
<td title='com.swipbox.testcases.ServicePointFilters.servicePointsFiltersById()'><b>servicePointsFiltersById</b><br>Test class: com.swipbox.testcases.ServicePointFilters<br>Parameters: SP11165, IslamAbadTesting, PL, Al Rehman Plaza , G-11<br/>
<a href="#Output-57085696" onClick='toggleBox("Output-57085696", this, "Show output", "Hide output");'>Show output</a>

<a href="#Output-57085696" onClick="toggleAllBoxes();">Show all outputs</a>
<div class='log' id="Output-57085696">
<br>Verification failure : expected [SP11165] but found [SP11172]<br><br/>
<br><br/>
<a target="_blank" href="+TestUtil.screenshotName+ "><img src=Mon_May_27_10_19_25_PKT_2019.jpg height=500 width=500></img></a><br/>
<br><br/>
<br><br/>
<a target="_blank" href=Mon_May_27_10_19_29_PKT_2019.jpg>Screenshot</a><br/>
<br><br/>
<a target="_blank" href="+TestUtil.screenshotName+ "><img src=Mon_May_27_10_19_29_PKT_2019.jpg height=500 width=500></img></a><br/>
</div>
</td>
<td></td>
<td>5</td>
<td>com.swipbox.testcases.ServicePointFilters@5c00384f</td></tr>
</table><p>
<table width='100%' border='1' class='invocation-skipped'>
<tr><td colspan='4' align='center'><b>SKIPPED TESTS</b></td></tr>
<tr><td><b>Test method</b></td>
<td width="30%"><b>Exception</b></td>
<td width="10%"><b>Time (seconds)</b></td>
<td><b>Instance</b></td>
</tr>
<tr>
<td title='com.swipbox.testcases.ServicePointFilters.servicePointsFiltersByAddress()'><b>servicePointsFiltersByAddress</b><br>Test class: com.swipbox.testcases.ServicePointFilters</td>
<td><div><pre>java.lang.Throwable: Method ServicePointFilters.servicePointsFiltersByAddress(java.lang.String, java.lang.String, java.lang.String, java.lang.String)[pri:5, instance:com.swipbox.testcases.ServicePointFilters@5c00384f] depends on not successfully finished methods
... Removed 18 stack frames</pre></div><a href='#' onClick='toggleBox("stack-trace443491171", this, "Click to show all stack frames", "Click to hide stack frames")'>Click to show all stack frames</a>
<div class='stack-trace' id='stack-trace443491171'><pre>java.lang.Throwable: Method ServicePointFilters.servicePointsFiltersByAddress(java.lang.String, java.lang.String, java.lang.String, java.lang.String)[pri:5, instance:com.swipbox.testcases.ServicePointFilters@5c00384f] depends on not successfully finished methods
	at org.testng.internal.Invoker.invokeTestMethods(Invoker.java:888)
	at org.testng.internal.TestMethodWorker.invokeTestMethods(TestMethodWorker.java:125)
	at org.testng.internal.TestMethodWorker.run(TestMethodWorker.java:109)
	at org.testng.TestRunner.privateRun(TestRunner.java:648)
	at org.testng.TestRunner.run(TestRunner.java:505)
	at org.testng.SuiteRunner.runTest(SuiteRunner.java:455)
	at org.testng.SuiteRunner.runSequentially(SuiteRunner.java:450)
	at org.testng.SuiteRunner.privateRun(SuiteRunner.java:415)
	at org.testng.SuiteRunner.run(SuiteRunner.java:364)
	at org.testng.SuiteRunnerWorker.runSuite(SuiteRunnerWorker.java:52)
	at org.testng.SuiteRunnerWorker.run(SuiteRunnerWorker.java:84)
	at org.testng.TestNG.runSuitesSequentially(TestNG.java:1208)
	at org.testng.TestNG.runSuitesLocally(TestNG.java:1137)
	at org.testng.TestNG.runSuites(TestNG.java:1049)
	at org.testng.TestNG.run(TestNG.java:1017)
	at org.testng.remote.AbstractRemoteTestNG.run(AbstractRemoteTestNG.java:115)
	at org.testng.remote.RemoteTestNG.initAndRun(RemoteTestNG.java:251)
	at org.testng.remote.RemoteTestNG.main(RemoteTestNG.java:77)
</pre></div></td>
<td>0</td>
<td>null</td></tr>
<tr>
<td title='com.swipbox.testcases.ServicePointFilters.servicePointsFiltersBylocation()'><b>servicePointsFiltersBylocation</b><br>Test class: com.swipbox.testcases.ServicePointFilters</td>
<td><div><pre>java.lang.Throwable: Method ServicePointFilters.servicePointsFiltersBylocation(java.lang.String, java.lang.String, java.lang.String, java.lang.String)[pri:4, instance:com.swipbox.testcases.ServicePointFilters@5c00384f] depends on not successfully finished methods
... Removed 18 stack frames</pre></div><a href='#' onClick='toggleBox("stack-trace345290829", this, "Click to show all stack frames", "Click to hide stack frames")'>Click to show all stack frames</a>
<div class='stack-trace' id='stack-trace345290829'><pre>java.lang.Throwable: Method ServicePointFilters.servicePointsFiltersBylocation(java.lang.String, java.lang.String, java.lang.String, java.lang.String)[pri:4, instance:com.swipbox.testcases.ServicePointFilters@5c00384f] depends on not successfully finished methods
	at org.testng.internal.Invoker.invokeTestMethods(Invoker.java:888)
	at org.testng.internal.TestMethodWorker.invokeTestMethods(TestMethodWorker.java:125)
	at org.testng.internal.TestMethodWorker.run(TestMethodWorker.java:109)
	at org.testng.TestRunner.privateRun(TestRunner.java:648)
	at org.testng.TestRunner.run(TestRunner.java:505)
	at org.testng.SuiteRunner.runTest(SuiteRunner.java:455)
	at org.testng.SuiteRunner.runSequentially(SuiteRunner.java:450)
	at org.testng.SuiteRunner.privateRun(SuiteRunner.java:415)
	at org.testng.SuiteRunner.run(SuiteRunner.java:364)
	at org.testng.SuiteRunnerWorker.runSuite(SuiteRunnerWorker.java:52)
	at org.testng.SuiteRunnerWorker.run(SuiteRunnerWorker.java:84)
	at org.testng.TestNG.runSuitesSequentially(TestNG.java:1208)
	at org.testng.TestNG.runSuitesLocally(TestNG.java:1137)
	at org.testng.TestNG.runSuites(TestNG.java:1049)
	at org.testng.TestNG.run(TestNG.java:1017)
	at org.testng.remote.AbstractRemoteTestNG.run(AbstractRemoteTestNG.java:115)
	at org.testng.remote.RemoteTestNG.initAndRun(RemoteTestNG.java:251)
	at org.testng.remote.RemoteTestNG.main(RemoteTestNG.java:77)
</pre></div></td>
<td>0</td>
<td>null</td></tr>
</table><p>
</body>
</html>